<?xml version="1.0" encoding="UTF-8"?>
<testsuites name="Mocha Tests" time="0.001" tests="3" failures="0">
  <testsuite name="" timestamp="2025-07-18T06:49:49" tests="0" time="0.000" failures="0">
  </testsuite>
  <testsuite name="Root Suite.Basic tests" timestamp="2025-07-18T06:49:49" tests="3" file="/Users/sky/Documents/remote/rocksteady/demo-selenium-yatt-pipe/test.mjs" time="0.001" failures="0">
    <testcase name="should pass a simple assertion" time="0.000" classname="Basic tests">
    </testcase>
    <testcase name="should handle string operations" time="0.000" classname="Basic tests">
    </testcase>
    <testcase name="should work with arrays" time="0.000" classname="Basic tests">
    </testcase>
  </testsuite>
</testsuites>