<?xml version="1.0" encoding="UTF-8"?>
<testsuites name="Mocha Tests" time="5.598" tests="1" failures="0">
  <testsuite name="Root Suite" timestamp="2022-11-24T17:40:57" tests="0" time="0.000" failures="0">
  </testsuite>
  <testsuite name="add note" timestamp="2022-11-24T17:40:57" tests="1" file="/Users/home/Desktop/demo-selenium-yatt-pipe/test.js" time="5.596" failures="0">
    <testcase name="add note should add a note and display on the page" time="5.594" classname="should add a note and display on the page">
    </testcase>
  </testsuite>
</testsuites>